Input file: P1-0.ss
   1: ThisIsAnError$?
Error at 1,14: Invalid character found: $
Error at 1,15: Invalid character found: ?
   2: identifier ident_1 function
   3: 0 123 1.1 -1.1 +1.1 12. -.1
   4: "Hello World"
   5: 
   6: .x
Error at 6,1: Invalid character found: .
   7: cons if cond display newline and or not define
   8: car cdr cadr cddr ?number cadddddr
Error at 8,19: Invalid character found: ?
   9: number?  list?$zero?  null?  string? ssu?
Error at 9,15: Invalid character found: $
Error at 9,41: Invalid character found: ?
   10: 
   11: + - / * modulo round
   12: = > <. >= <=
Error at 12,6: Invalid character found: .
   13: ( ) 'a
   14: 
7 errors found in input file
